# JRE version: OpenJDK Runtime Environment (17.0.6) (build 17.0.6+0-b2043.56-10027231)
# Java VM: OpenJDK 64-Bit Server VM (17.0.6+0-b2043.56-10027231, mixed mode, tiered, compressed oops, compressed class ptrs, g1 gc, windows-amd64)
GC Precious Log:
 CPUs: 8 total, 8 available
 Memory: 6005M
 Large Page Support: Disabled
 NUMA Support: Disabled
 Compressed Oops: Enabled (32-bit)
 Heap Region Size: 1M
 Heap Min Capacity: 8M
 Heap Initial Capacity: 94M
 Heap Max Capacity: 2G
 Pre-touch: Disabled
 Parallel Workers: 8
 Concurrent Workers: 2
 Concurrent Refinement Workers: 8
 Periodic GC: Disabled
Heap:
 garbage-first heap   total 447488K, used 226998K [0x0000000080000000, 0x0000000100000000)
  region size 1024K, 76 young (77824K), 15 survivors (15360K)
 Metaspace       used 121835K, committed 122560K, reserved 1163264K
  class space    used 15862K, committed 16192K, reserved 1048576K
GC Heap History (20 events):
Event: 19.651 GC heap before
{Heap before GC invocations=49 (full 0):
 garbage-first heap   total 189440K, used 121167K [0x0000000080000000, 0x0000000100000000)
  region size 1024K, 9 young (9216K), 2 survivors (2048K)
 Metaspace       used 92502K, committed 93248K, reserved 1130496K
  class space    used 12709K, committed 13056K, reserved 1048576K
}
Event: 19.653 GC heap after
{Heap after GC invocations=50 (full 0):
 garbage-first heap   total 189440K, used 113591K [0x0000000080000000, 0x0000000100000000)
  region size 1024K, 1 young (1024K), 1 survivors (1024K)
 Metaspace       used 92502K, committed 93248K, reserved 1130496K
  class space    used 12709K, committed 13056K, reserved 1048576K
}
Event: 19.750 GC heap before
{Heap before GC invocations=50 (full 0):
 garbage-first heap   total 189440K, used 116663K [0x0000000080000000, 0x0000000100000000)
  region size 1024K, 5 young (5120K), 1 survivors (1024K)
 Metaspace       used 93121K, committed 93888K, reserved 1130496K
  class space    used 12780K, committed 13120K, reserved 1048576K
}
Event: 19.752 GC heap after
{Heap after GC invocations=51 (full 0):
 garbage-first heap   total 189440K, used 113572K [0x0000000080000000, 0x0000000100000000)
  region size 1024K, 1 young (1024K), 1 survivors (1024K)
 Metaspace       used 93121K, committed 93888K, reserved 1130496K
  class space    used 12780K, committed 13120K, reserved 1048576K
}
Event: 20.167 GC heap before
{Heap before GC invocations=52 (full 0):
 garbage-first heap   total 208896K, used 161700K [0x0000000080000000, 0x0000000100000000)
  region size 1024K, 42 young (43008K), 1 survivors (1024K)
 Metaspace       used 93299K, committed 94080K, reserved 1130496K
  class space    used 12789K, committed 13120K, reserved 1048576K
}
Event: 20.180 GC heap after
{Heap after GC invocations=53 (full 0):
 garbage-first heap   total 208896K, used 125952K [0x0000000080000000, 0x0000000100000000)
  region size 1024K, 6 young (6144K), 6 survivors (6144K)
 Metaspace       used 93299K, committed 94080K, reserved 1130496K
  class space    used 12789K, committed 13120K, reserved 1048576K
}
Event: 20.202 GC heap before
{Heap before GC invocations=53 (full 0):
 garbage-first heap   total 208896K, used 130048K [0x0000000080000000, 0x0000000100000000)
  region size 1024K, 10 young (10240K), 6 survivors (6144K)
 Metaspace       used 93315K, committed 94080K, reserved 1130496K
  class space    used 12792K, committed 13120K, reserved 1048576K
}
Event: 20.209 GC heap after
{Heap after GC invocations=54 (full 0):
 garbage-first heap   total 208896K, used 127241K [0x0000000080000000, 0x0000000100000000)
  region size 1024K, 2 young (2048K), 2 survivors (2048K)
 Metaspace       used 93315K, committed 94080K, reserved 1130496K
  class space    used 12792K, committed 13120K, reserved 1048576K
}
Event: 20.497 GC heap before
{Heap before GC invocations=54 (full 0):
 garbage-first heap   total 208896K, used 166153K [0x0000000080000000, 0x0000000100000000)
  region size 1024K, 40 young (40960K), 2 survivors (2048K)
 Metaspace       used 93434K, committed 94144K, reserved 1130496K
  class space    used 12810K, committed 13120K, reserved 1048576K
}
Event: 20.508 GC heap after
{Heap after GC invocations=55 (full 0):
 garbage-first heap   total 208896K, used 139244K [0x0000000080000000, 0x0000000100000000)
  region size 1024K, 5 young (5120K), 5 survivors (5120K)
 Metaspace       used 93434K, committed 94144K, reserved 1130496K
  class space    used 12810K, committed 13120K, reserved 1048576K
}
Event: 21.244 GC heap before
{Heap before GC invocations=55 (full 0):
 garbage-first heap   total 208896K, used 168940K [0x0000000080000000, 0x0000000100000000)
  region size 1024K, 34 young (34816K), 5 survivors (5120K)
 Metaspace       used 96830K, committed 97472K, reserved 1138688K
  class space    used 13203K, committed 13504K, reserved 1048576K
}
Event: 21.250 GC heap after
{Heap after GC invocations=56 (full 0):
 garbage-first heap   total 208896K, used 141203K [0x0000000080000000, 0x0000000100000000)
  region size 1024K, 2 young (2048K), 2 survivors (2048K)
 Metaspace       used 96830K, committed 97472K, reserved 1138688K
  class space    used 13203K, committed 13504K, reserved 1048576K
}
Event: 21.759 GC heap before
{Heap before GC invocations=57 (full 0):
 garbage-first heap   total 242688K, used 177043K [0x0000000080000000, 0x0000000100000000)
  region size 1024K, 31 young (31744K), 2 survivors (2048K)
 Metaspace       used 99010K, committed 99712K, reserved 1138688K
  class space    used 13434K, committed 13760K, reserved 1048576K
}
Event: 21.764 GC heap after
{Heap after GC invocations=58 (full 0):
 garbage-first heap   total 242688K, used 151367K [0x0000000080000000, 0x0000000100000000)
  region size 1024K, 4 young (4096K), 4 survivors (4096K)
 Metaspace       used 99010K, committed 99712K, reserved 1138688K
  class space    used 13434K, committed 13760K, reserved 1048576K
}
Event: 21.905 GC heap before
{Heap before GC invocations=58 (full 0):
 garbage-first heap   total 242688K, used 158535K [0x0000000080000000, 0x0000000100000000)
  region size 1024K, 11 young (11264K), 4 survivors (4096K)
 Metaspace       used 99858K, committed 100544K, reserved 1138688K
  class space    used 13527K, committed 13824K, reserved 1048576K
}
Event: 21.908 GC heap after
{Heap after GC invocations=59 (full 0):
 garbage-first heap   total 242688K, used 152061K [0x0000000080000000, 0x0000000100000000)
  region size 1024K, 2 young (2048K), 2 survivors (2048K)
 Metaspace       used 99858K, committed 100544K, reserved 1138688K
  class space    used 13527K, committed 13824K, reserved 1048576K
}
Event: 22.965 GC heap before
{Heap before GC invocations=59 (full 0):
 garbage-first heap   total 242688K, used 196093K [0x0000000080000000, 0x0000000100000000)
  region size 1024K, 45 young (46080K), 2 survivors (2048K)
 Metaspace       used 106079K, committed 106816K, reserved 1146880K
  class space    used 14135K, committed 14464K, reserved 1048576K
}
Event: 23.152 GC heap after
{Heap after GC invocations=60 (full 0):
 garbage-first heap   total 447488K, used 154426K [0x0000000080000000, 0x0000000100000000)
  region size 1024K, 4 young (4096K), 4 survivors (4096K)
 Metaspace       used 106079K, committed 106816K, reserved 1146880K
  class space    used 14135K, committed 14464K, reserved 1048576K
}
Event: 26.086 GC heap before
{Heap before GC invocations=60 (full 0):
 garbage-first heap   total 447488K, used 310074K [0x0000000080000000, 0x0000000100000000)
  region size 1024K, 155 young (158720K), 4 survivors (4096K)
 Metaspace       used 115701K, committed 116416K, reserved 1155072K
  class space    used 15288K, committed 15616K, reserved 1048576K
}
Event: 26.097 GC heap after
{Heap after GC invocations=61 (full 0):
 garbage-first heap   total 447488K, used 165558K [0x0000000080000000, 0x0000000100000000)
  region size 1024K, 15 young (15360K), 15 survivors (15360K)
 Metaspace       used 115701K, committed 116416K, reserved 1155072K
  class space    used 15288K, committed 15616K, reserved 1048576K
}

